/home/kabita/quantum/install/montecarlowwalk/lib/python3.10/site-packages/montecarlowwalk/mcts_planner_node.py
/home/kabita/quantum/install/montecarlowwalk/lib/python3.10/site-packages/montecarlowwalk/mcts_planner_node1.py
/home/kabita/quantum/install/montecarlowwalk/lib/python3.10/site-packages/montecarlowwalk/mcts_planner_node copy.py
/home/kabita/quantum/install/montecarlowwalk/lib/python3.10/site-packages/montecarlowwalk/grover_benchmark.py
/home/kabita/quantum/install/montecarlowwalk/lib/python3.10/site-packages/montecarlowwalk/quantum_mcts_core1.py
/home/kabita/quantum/install/montecarlowwalk/lib/python3.10/site-packages/montecarlowwalk/quantum_mcts_nodefinal.py
/home/kabita/quantum/install/montecarlowwalk/lib/python3.10/site-packages/montecarlowwalk/quantum_mcts_node_best.py
/home/kabita/quantum/install/montecarlowwalk/lib/python3.10/site-packages/montecarlowwalk/benchmark_runner.py
/home/kabita/quantum/install/montecarlowwalk/lib/python3.10/site-packages/montecarlowwalk/test_quantum_mcts.py
/home/kabita/quantum/install/montecarlowwalk/lib/python3.10/site-packages/montecarlowwalk/__init__.py
/home/kabita/quantum/install/montecarlowwalk/lib/python3.10/site-packages/montecarlowwalk/quantum_mcts_core.py
/home/kabita/quantum/install/montecarlowwalk/lib/python3.10/site-packages/montecarlowwalk/quantum_mcts_node copy.py
/home/kabita/quantum/install/montecarlowwalk/lib/python3.10/site-packages/montecarlowwalk/quantum_mcts_core2.py
/home/kabita/quantum/install/montecarlowwalk/lib/python3.10/site-packages/montecarlowwalk/quantum_mcts_core_best.py
/home/kabita/quantum/install/montecarlowwalk/lib/python3.10/site-packages/montecarlowwalk/benchmark_runner2.py
/home/kabita/quantum/install/montecarlowwalk/lib/python3.10/site-packages/montecarlowwalk/challenge_experiments.py
/home/kabita/quantum/install/montecarlowwalk/lib/python3.10/site-packages/montecarlowwalk/quantum_mcts_node.py
/home/kabita/quantum/install/montecarlowwalk/lib/python3.10/site-packages/montecarlowwalk/quantum_mcts_node_test copy.py
/home/kabita/quantum/install/montecarlowwalk/lib/python3.10/site-packages/montecarlowwalk/__pycache__/mcts_planner_node.cpython-310.pyc
/home/kabita/quantum/install/montecarlowwalk/lib/python3.10/site-packages/montecarlowwalk/__pycache__/mcts_planner_node1.cpython-310.pyc
/home/kabita/quantum/install/montecarlowwalk/lib/python3.10/site-packages/montecarlowwalk/__pycache__/mcts_planner_node copy.cpython-310.pyc
/home/kabita/quantum/install/montecarlowwalk/lib/python3.10/site-packages/montecarlowwalk/__pycache__/grover_benchmark.cpython-310.pyc
/home/kabita/quantum/install/montecarlowwalk/lib/python3.10/site-packages/montecarlowwalk/__pycache__/quantum_mcts_core1.cpython-310.pyc
/home/kabita/quantum/install/montecarlowwalk/lib/python3.10/site-packages/montecarlowwalk/__pycache__/quantum_mcts_nodefinal.cpython-310.pyc
/home/kabita/quantum/install/montecarlowwalk/lib/python3.10/site-packages/montecarlowwalk/__pycache__/quantum_mcts_node_best.cpython-310.pyc
/home/kabita/quantum/install/montecarlowwalk/lib/python3.10/site-packages/montecarlowwalk/__pycache__/benchmark_runner.cpython-310.pyc
/home/kabita/quantum/install/montecarlowwalk/lib/python3.10/site-packages/montecarlowwalk/__pycache__/test_quantum_mcts.cpython-310.pyc
/home/kabita/quantum/install/montecarlowwalk/lib/python3.10/site-packages/montecarlowwalk/__pycache__/__init__.cpython-310.pyc
/home/kabita/quantum/install/montecarlowwalk/lib/python3.10/site-packages/montecarlowwalk/__pycache__/quantum_mcts_core.cpython-310.pyc
/home/kabita/quantum/install/montecarlowwalk/lib/python3.10/site-packages/montecarlowwalk/__pycache__/quantum_mcts_node copy.cpython-310.pyc
/home/kabita/quantum/install/montecarlowwalk/lib/python3.10/site-packages/montecarlowwalk/__pycache__/quantum_mcts_core2.cpython-310.pyc
/home/kabita/quantum/install/montecarlowwalk/lib/python3.10/site-packages/montecarlowwalk/__pycache__/quantum_mcts_core_best.cpython-310.pyc
/home/kabita/quantum/install/montecarlowwalk/lib/python3.10/site-packages/montecarlowwalk/__pycache__/benchmark_runner2.cpython-310.pyc
/home/kabita/quantum/install/montecarlowwalk/lib/python3.10/site-packages/montecarlowwalk/__pycache__/challenge_experiments.cpython-310.pyc
/home/kabita/quantum/install/montecarlowwalk/lib/python3.10/site-packages/montecarlowwalk/__pycache__/quantum_mcts_node.cpython-310.pyc
/home/kabita/quantum/install/montecarlowwalk/lib/python3.10/site-packages/montecarlowwalk/__pycache__/quantum_mcts_node_test copy.cpython-310.pyc
/home/kabita/quantum/install/montecarlowwalk/share/ament_index/resource_index/packages/montecarlowwalk
/home/kabita/quantum/install/montecarlowwalk/share/montecarlowwalk/package.xml
/home/kabita/quantum/install/montecarlowwalk/share/montecarlowwalk/launch/warehouse_depth_launch.py
/home/kabita/quantum/install/montecarlowwalk/share/montecarlowwalk/launch/quantum_mcts_launch.py
/home/kabita/quantum/install/montecarlowwalk/share/montecarlowwalk/launch/warehouse_launch.py
/home/kabita/quantum/install/montecarlowwalk/share/montecarlowwalk/launch/mcts_launch.py
/home/kabita/quantum/install/montecarlowwalk/share/montecarlowwalk/launch/navigation_launch.py
/home/kabita/quantum/install/montecarlowwalk/share/montecarlowwalk/launch/nav2_launch.py
/home/kabita/quantum/install/montecarlowwalk/share/montecarlowwalk/launch/amcl_launch.py
/home/kabita/quantum/install/montecarlowwalk/share/montecarlowwalk/worlds/warehouse.world
/home/kabita/quantum/install/montecarlowwalk/lib/python3.10/site-packages/montecarlowwalk-0.0.0-py3.10.egg-info/SOURCES.txt
/home/kabita/quantum/install/montecarlowwalk/lib/python3.10/site-packages/montecarlowwalk-0.0.0-py3.10.egg-info/requires.txt
/home/kabita/quantum/install/montecarlowwalk/lib/python3.10/site-packages/montecarlowwalk-0.0.0-py3.10.egg-info/PKG-INFO
/home/kabita/quantum/install/montecarlowwalk/lib/python3.10/site-packages/montecarlowwalk-0.0.0-py3.10.egg-info/top_level.txt
/home/kabita/quantum/install/montecarlowwalk/lib/python3.10/site-packages/montecarlowwalk-0.0.0-py3.10.egg-info/zip-safe
/home/kabita/quantum/install/montecarlowwalk/lib/python3.10/site-packages/montecarlowwalk-0.0.0-py3.10.egg-info/entry_points.txt
/home/kabita/quantum/install/montecarlowwalk/lib/python3.10/site-packages/montecarlowwalk-0.0.0-py3.10.egg-info/dependency_links.txt
/home/kabita/quantum/install/montecarlowwalk/lib/montecarlowwalk/benchmark_runner
/home/kabita/quantum/install/montecarlowwalk/lib/montecarlowwalk/grover_benchmark
/home/kabita/quantum/install/montecarlowwalk/lib/montecarlowwalk/mcts_planner_node
/home/kabita/quantum/install/montecarlowwalk/lib/montecarlowwalk/quantum_mcts_node
